[2026-03-15 19:06:07] === LOOP STARTING ===
[2026-03-15 19:06:07] Working directory: /home/user/go/src/github.com/opd-ai/violence
[2026-03-15 19:06:07] Prompt directory:  /home/user/go/src/github.com/opd-ai/go-stats-generator
[2026-03-15 19:06:07] Max iterations:    50
[2026-03-15 19:06:07] --- Initialization ---
[2026-03-15 19:06:07] AUDIT.md not found — delegating BASE_AUDIT.md...
[2026-03-15 19:06:07] Delegating: BASE_AUDIT.md
[2026-03-15 19:18:00] Delegation complete: BASE_AUDIT.md (exit code: 141)
[2026-03-15 19:18:00] AUDIT.md created successfully.
[2026-03-15 19:18:00] PLAN.md not found — delegating MAKE_PLAN.md...
[2026-03-15 19:18:00] Delegating: MAKE_PLAN.md
[2026-03-15 19:21:14] Delegation complete: MAKE_PLAN.md (exit code: 141)
[2026-03-15 19:21:14] PLAN.md created successfully.
[2026-03-15 19:21:14] --- Entering main loop (max 50 iterations) ---
[2026-03-15 19:21:14] 
[2026-03-15 19:21:14] === Iteration 1 / 50 ===
[2026-03-15 19:21:14] Step A: Executing next task...
[2026-03-15 19:21:14] Delegating: EXECUTE.md
[2026-03-17 05:35:48] === LOOP STARTING ===
[2026-03-17 05:35:48] Working directory: /home/user/go/src/github.com/opd-ai/violence
[2026-03-17 05:35:48] Prompt directory:  /home/user/go/src/github.com/opd-ai/go-stats-generator
[2026-03-17 05:35:48] Max iterations:    50
[2026-03-17 05:35:48] --- Initialization ---
[2026-03-17 05:35:48] AUDIT.md already exists — skipping BASE_AUDIT.md.
[2026-03-17 05:35:48] PLAN.md already exists — skipping MAKE_PLAN.md.
[2026-03-17 05:35:48] --- Entering main loop (max 50 iterations) ---
[2026-03-17 05:35:48] 
[2026-03-17 05:35:48] === Iteration 1 / 50 ===
[2026-03-17 05:35:48] Step A: Executing next task...
[2026-03-17 05:35:48] Delegating: EXECUTE.md
[2026-03-17 07:26:07] Delegation complete: EXECUTE.md (exit code: 141)
[2026-03-17 07:26:07] WARNING: EXECUTE.md delegation returned non-zero.
[2026-03-17 07:26:07] Step B: Running tests...
[2026-03-17 07:26:07] Running tests...
[2026-03-17 07:26:28] Tests FAILED (exit code: 1)
[2026-03-17 07:26:28] Tests failed — delegating FAIL.md to diagnose and fix...
[2026-03-17 07:26:28] Delegating: FAIL.md
[2026-03-17 07:32:04] Delegation complete: FAIL.md (exit code: 141)
[2026-03-17 07:32:04] Running tests...
[2026-03-17 07:32:27] Tests FAILED (exit code: 1)
[2026-03-17 07:32:27] Tests still failing after FAIL.md — continuing to next iteration.
[2026-03-17 07:32:27] [iteration 1] executed EXECUTE.md + FAIL.md — tests: FAIL (persisted)
[2026-03-17 07:32:27] 
[2026-03-17 07:32:27] === Iteration 2 / 50 ===
[2026-03-17 07:32:27] Step A: Executing next task...
[2026-03-17 07:32:27] Delegating: EXECUTE.md
[2026-03-17 07:46:33] Delegation complete: EXECUTE.md (exit code: 141)
[2026-03-17 07:46:33] WARNING: EXECUTE.md delegation returned non-zero.
[2026-03-17 07:46:33] Step B: Running tests...
[2026-03-17 07:46:33] Running tests...
[2026-03-17 07:46:55] Tests FAILED (exit code: 1)
[2026-03-17 07:46:55] Tests failed — delegating FAIL.md to diagnose and fix...
[2026-03-17 07:46:55] Delegating: FAIL.md
[2026-03-17 07:48:44] Delegation complete: FAIL.md (exit code: 141)
[2026-03-17 07:48:44] Running tests...
[2026-03-17 07:49:07] Tests FAILED (exit code: 1)
[2026-03-17 07:49:07] Tests still failing after FAIL.md — continuing to next iteration.
[2026-03-17 07:49:07] [iteration 2] executed EXECUTE.md + FAIL.md — tests: FAIL (persisted)
[2026-03-17 07:49:07] 
[2026-03-17 07:49:07] === Iteration 3 / 50 ===
[2026-03-17 07:49:07] Step A: Executing next task...
[2026-03-17 07:49:07] Delegating: EXECUTE.md
[2026-03-17 07:56:57] Delegation complete: EXECUTE.md (exit code: 141)
[2026-03-17 07:56:57] WARNING: EXECUTE.md delegation returned non-zero.
[2026-03-17 07:56:57] Step B: Running tests...
[2026-03-17 07:56:57] Running tests...
[2026-03-17 07:57:19] Tests FAILED (exit code: 1)
[2026-03-17 07:57:19] Tests failed — delegating FAIL.md to diagnose and fix...
[2026-03-17 07:57:19] Delegating: FAIL.md
[2026-03-17 07:59:51] Delegation complete: FAIL.md (exit code: 141)
[2026-03-17 07:59:51] Running tests...
[2026-03-17 08:00:13] Tests FAILED (exit code: 1)
[2026-03-17 08:00:13] Tests still failing after FAIL.md — continuing to next iteration.
[2026-03-17 08:00:13] [iteration 3] executed EXECUTE.md + FAIL.md — tests: FAIL (persisted)
[2026-03-17 08:00:13] Step C: Periodic maintenance check (iteration 3)...
[2026-03-17 08:00:21] Complexity violations found: 6760 functions exceed thresholds
[2026-03-17 08:00:21]   Complexity violations detected — delegating BREAKDOWN.md...
[2026-03-17 08:00:21] Delegating: BREAKDOWN.md
[2026-03-17 08:25:32] Delegation complete: BREAKDOWN.md (exit code: 141)
[2026-03-17 08:25:32] Running tests...
[2026-03-17 08:25:54] Tests FAILED (exit code: 1)
[2026-03-17 08:25:54]   Tests failed after BREAKDOWN.md — delegating FAIL.md...
[2026-03-17 08:25:54] Delegating: FAIL.md
[2026-03-17 08:27:40] Delegation complete: FAIL.md (exit code: 141)
[2026-03-17 08:27:40] Running tests...
[2026-03-17 08:28:02] Tests FAILED (exit code: 1)
[2026-03-17 08:28:02] [iteration 3] executed BREAKDOWN.md — tests: FAIL
[2026-03-17 08:28:03] Clone pairs (86) exceed threshold of 10
[2026-03-17 08:28:03]   Duplication threshold exceeded — delegating DEDUPLICATE.md...
[2026-03-17 08:28:03] Delegating: DEDUPLICATE.md
[2026-03-17 08:59:28] Delegation complete: DEDUPLICATE.md (exit code: 141)
[2026-03-17 08:59:28] Running tests...
[2026-03-17 08:59:53] Tests FAILED (exit code: 1)
[2026-03-17 08:59:53]   Tests failed after DEDUPLICATE.md — delegating FAIL.md...
[2026-03-17 08:59:53] Delegating: FAIL.md
[2026-03-17 09:03:33] Delegation complete: FAIL.md (exit code: 141)
[2026-03-17 09:03:33] Running tests...
[2026-03-17 09:03:57] Tests FAILED (exit code: 1)
[2026-03-17 09:03:57] [iteration 3] executed DEDUPLICATE.md — tests: FAIL
[2026-03-17 09:03:57] 
[2026-03-17 09:03:57] === Iteration 4 / 50 ===
[2026-03-17 09:03:57] Step A: Executing next task...
[2026-03-17 09:03:57] Delegating: EXECUTE.md
[2026-03-17 09:38:04] Delegation complete: EXECUTE.md (exit code: 141)
[2026-03-17 09:38:04] WARNING: EXECUTE.md delegation returned non-zero.
[2026-03-17 09:38:04] Step B: Running tests...
[2026-03-17 09:38:04] Running tests...
[2026-03-17 09:38:29] Tests FAILED (exit code: 1)
[2026-03-17 09:38:29] Tests failed — delegating FAIL.md to diagnose and fix...
[2026-03-17 09:38:29] Delegating: FAIL.md
[2026-03-17 09:40:18] Delegation complete: FAIL.md (exit code: 141)
[2026-03-17 09:40:18] Running tests...
[2026-03-17 09:40:40] Tests FAILED (exit code: 1)
[2026-03-17 09:40:40] Tests still failing after FAIL.md — continuing to next iteration.
[2026-03-17 09:40:40] [iteration 4] executed EXECUTE.md + FAIL.md — tests: FAIL (persisted)
[2026-03-17 09:40:40] 
[2026-03-17 09:40:40] === Iteration 5 / 50 ===
[2026-03-17 09:40:40] Step A: Executing next task...
[2026-03-17 09:40:40] Delegating: EXECUTE.md
[2026-03-17 10:03:06] Delegation complete: EXECUTE.md (exit code: 141)
[2026-03-17 10:03:06] WARNING: EXECUTE.md delegation returned non-zero.
[2026-03-17 10:03:06] Step B: Running tests...
[2026-03-17 10:03:06] Running tests...
[2026-03-17 10:03:32] Tests FAILED (exit code: 1)
[2026-03-17 10:03:32] Tests failed — delegating FAIL.md to diagnose and fix...
[2026-03-17 10:03:32] Delegating: FAIL.md
[2026-03-17 10:05:37] Delegation complete: FAIL.md (exit code: 141)
[2026-03-17 10:05:37] Running tests...
[2026-03-17 10:06:01] Tests FAILED (exit code: 1)
[2026-03-17 10:06:01] Tests still failing after FAIL.md — continuing to next iteration.
[2026-03-17 10:06:01] [iteration 5] executed EXECUTE.md + FAIL.md — tests: FAIL (persisted)
[2026-03-17 10:06:01] 
[2026-03-17 10:06:01] === Iteration 6 / 50 ===
[2026-03-17 10:06:01] Step A: Executing next task...
[2026-03-17 10:06:01] Delegating: EXECUTE.md
[2026-03-17 10:21:29] Delegation complete: EXECUTE.md (exit code: 141)
[2026-03-17 10:21:29] WARNING: EXECUTE.md delegation returned non-zero.
[2026-03-17 10:21:29] Step B: Running tests...
[2026-03-17 10:21:29] Running tests...
[2026-03-17 10:21:54] Tests FAILED (exit code: 1)
[2026-03-17 10:21:54] Tests failed — delegating FAIL.md to diagnose and fix...
[2026-03-17 10:21:54] Delegating: FAIL.md
[2026-03-17 10:23:23] Delegation complete: FAIL.md (exit code: 141)
[2026-03-17 10:23:23] Running tests...
